app/build/outputs/mapping/release/seeds.txt
com.nate.app.data.model.Episode
com.nate.app.data.model.TvShowDetails$genreText$1
com.nate.app.ui.screens.PlayerActivity
com.nate.app.data.model.Genre
com.nate.app.data.model.TvShowDetails
com.nate.app.MainActivity
com.nate.app.data.model.Season
com.nate.app.data.model.TmdbResponse
com.nate.app.data.model.DetailsRef$Creator
com.nate.app.data.model.Media
com.nate.app.data.api.TmdbService
com.nate.app.data.model.SeasonDetails
com.nate.app.data.model.DetailsRef
com.nate.app.data.model.Media$genreText$1
com.nate.app.data.model.TvShowDetails: int id
com.nate.app.data.model.Media: java.lang.String title
com.nate.app.data.model.TmdbResponse: int $stable
com.nate.app.data.model.SeasonDetails: java.util.List episodes
com.nate.app.data.model.Episode: int $stable
com.nate.app.data.model.Media: java.lang.String firstAirDate
com.nate.app.data.model.TvShowDetails: java.lang.String posterPath
com.nate.app.data.model.Season: int id
com.nate.app.data.model.Episode: int seasonNumber
com.nate.app.data.model.Media: java.util.List genres
com.nate.app.data.model.TvShowDetails: java.lang.Double voteAverage
com.nate.app.data.model.Season: java.lang.String name
com.nate.app.data.model.Episode: java.lang.String name
com.nate.app.data.model.Genre: int id
com.nate.app.data.model.Season: java.lang.String posterPath
com.nate.app.data.model.TvShowDetails: java.lang.Integer numberOfEpisodes
com.nate.app.data.model.SeasonDetails: int $stable
com.nate.app.data.model.TvShowDetails: java.util.List seasons
com.nate.app.data.model.DetailsRef: int $stable
com.nate.app.data.model.Media: java.lang.String releaseDate
com.nate.app.data.model.Season: int seasonNumber
com.nate.app.data.model.Genre: int $stable
com.nate.app.data.model.SeasonDetails: int id
com.nate.app.data.model.TvShowDetails: java.lang.String backdropPath
com.nate.app.data.model.TvShowDetails: java.lang.Integer numberOfSeasons
com.nate.app.data.model.Season: int episodeCount
com.nate.app.data.model.SeasonDetails: int seasonNumber
com.nate.app.data.model.Media: java.lang.String backdropPath
com.nate.app.data.model.Media: java.lang.String tagline
com.nate.app.data.model.TvShowDetails: java.lang.String name
com.nate.app.data.model.Media: java.lang.String overview
com.nate.app.data.model.Media: java.lang.String posterPath
com.nate.app.data.model.TvShowDetails: java.lang.String status
com.nate.app.data.model.TvShowDetails: java.lang.String firstAirDate
com.nate.app.data.model.Season: int $stable
com.nate.app.data.model.TmdbResponse: int totalPages
com.nate.app.data.model.Episode: int id
com.nate.app.data.model.TmdbResponse: int page
com.nate.app.data.model.Episode: java.lang.String overview
com.nate.app.data.model.TvShowDetails: int $stable
com.nate.app.data.model.Media: java.lang.Double voteAverage
com.nate.app.data.model.TvShowDetails$genreText$1: com.nate.app.data.model.TvShowDetails$genreText$1 INSTANCE
com.nate.app.data.model.DetailsRef: android.os.Parcelable$Creator CREATOR
com.nate.app.data.model.TvShowDetails: java.lang.String tagline
com.nate.app.data.model.Media: int id
com.nate.app.data.model.TvShowDetails: java.util.List episodeRunTime
com.nate.app.data.model.TvShowDetails: java.util.List genres
com.nate.app.data.model.Genre: java.lang.String name
com.nate.app.data.model.Media$genreText$1: com.nate.app.data.model.Media$genreText$1 INSTANCE
com.nate.app.data.model.DetailsRef: int id
com.nate.app.data.model.Media: java.lang.String status
com.nate.app.data.model.TmdbResponse: java.util.List results
com.nate.app.data.model.Episode: int episodeNumber
com.nate.app.data.model.Media: java.lang.String mediaType
com.nate.app.data.model.Media: int $stable
com.nate.app.data.model.DetailsRef: java.lang.String mediaType
com.nate.app.data.model.Episode: java.lang.String stillPath
com.nate.app.data.model.Media: java.lang.String name
com.nate.app.data.model.TvShowDetails: java.lang.String overview
com.nate.app.data.model.Media: java.lang.Integer runtime
...
androidx.compose.ui.text.AnnotatedString$Builder: int pushStyle(androidx.compose.ui.text.SpanStyle)
androidx.compose.ui.graphics.Color: long copy-wmQWz5c$default(long,float,float,float,float,int,java.lang.Object)
androidx.compose.ui.graphics.GraphicsLayerScopeKt: androidx.compose.ui.graphics.GraphicsLayerScope GraphicsLayerScope()
androidx.compose.ui.text.style.LineBreak$Strategy$Companion: int getHighQuality-fcGXIks()
androidx.compose.foundation.layout.LimitInsets: androidx.compose.foundation.layout.WindowInsets getInsets()
androidx.compose.material3.tokens.SecondaryNavigationTabTokens: float getContainerElevation-D9Ej5fM()
androidx.compose.runtime.DerivedSnapshotState$ResultRecord: boolean isValid(androidx.compose.runtime.DerivedState,androidx.compose.runtime.snapshots.Snapshot)
androidx.compose.foundation.layout.WindowInsetsPadding_androidKt: androidx.compose.ui.Modifier systemBarsPadding(androidx.compose.ui.Modifier)
androidx.compose.material3.tokens.FilledTonalIconButtonTokens: androidx.compose.material3.tokens.ColorSchemeKeyTokens getToggleUnselectedPressedColor()
androidx.compose.ui.text.android.TextAndroidCanvas: boolean getClipBounds(android.graphics.Rect)
androidx.compose.ui.node.LookaheadDelegate: androidx.compose.ui.layout.LookaheadLayoutCoordinates getLookaheadLayoutCoordinates()
androidx.tv.foundation.lazy.grid.TvLazyGridState$Companion: TvLazyGridState$Companion(kotlin.jvm.internal.DefaultConstructorMarker)
androidx.compose.ui.text.TextStyle: androidx.compose.ui.text.TextStyle copy-v2rsoow(long,long,androidx.compose.ui.text.font.FontWeight,androidx.compose.ui.text.font.FontStyle,androidx.compose.ui.text.font.FontSynthesis,androidx.compose.ui.text.font.FontFamily,java.lang.String,long,androidx.compose.ui.text.style.BaselineShift,androidx.compose.ui.text.style.TextGeometricTransform,androidx.compose.ui.text.intl.LocaleList,long,androidx.compose.ui.text.style.TextDecoration,androidx.compose.ui.graphics.Shadow,androidx.compose.ui.graphics.drawscope.DrawStyle,androidx.compose.ui.text.style.TextAlign,androidx.compose.ui.text.style.TextDirection,long,androidx.compose.ui.text.style.TextIndent,androidx.compose.ui.text.PlatformTextStyle,androidx.compose.ui.text.style.LineHeightStyle,androidx.compose.ui.text.style.LineBreak,androidx.compose.ui.text.style.Hyphens,androidx.compose.ui.text.style.TextMotion)
androidx.compose.foundation.lazy.grid.LazyGridScope$items$1: java.lang.Object invoke(java.lang.Object)
androidx.compose.ui.platform.ValueElement: java.lang.Object component2()
androidx.compose.ui.graphics.colorspace.RenderIntent: int hashCode-impl(int)
androidx.compose.runtime.collection.IntMap: IntMap(android.util.SparseArray)
androidx.compose.foundation.layout.WindowInsetsNestedScrollConnection$fling$2$1: WindowInsetsNestedScrollConnection$fling$2$1(int,float,androidx.compose.foundation.layout.SplineBasedFloatDecayAnimationSpec,int,int,androidx.compose.foundation.layout.WindowInsetsNestedScrollConnection,kotlin.jvm.internal.Ref$FloatRef,android.view.WindowInsetsAnimationController,boolean,kotlin.coroutines.Continuation)
androidx.compose.foundation.text.TextFieldCursorKt$cursor$1$1: TextFieldCursorKt$cursor$1$1(androidx.compose.animation.core.Animatable,kotlin.coroutines.Continuation)
androidx.tv.foundation.lazy.list.AnimateItemPlacementElement: AnimateItemPlacementElement(androidx.compose.animation.core.FiniteAnimationSpec)
androidx.compose.foundation.layout.WindowInsetsPadding_androidKt$captionBarPadding$$inlined$debugInspectorInfo$1: java.lang.Object invoke(java.lang.Object)
androidx.media3.ui.DefaultTimeBar: void setKeyCountIncrement(int)
androidx.compose.runtime.external.kotlinx.collections.immutable.implementations.immutableMap.TrieNode: androidx.compose.runtime.external.kotlinx.collections.immutable.implementations.immutableMap.TrieNode$ModificationResult asUpdateResult()
androidx.compose.ui.platform.AndroidComposeView$Companion: AndroidComposeView$Companion(kotlin.jvm.internal.DefaultConstructorMarker)