app/build/outputs/mapping/release/usage.txt
com.nate.app.BuildConfig
com.nate.app.R$drawable:
    public static int custom_scrub_thumb
    public static int custom_scrub_track
    public static int ic_back_arrow
    public static int ic_layers
    public static int ic_settings_gear
    public static int ic_skip_next
    public static int ic_subtitles
    public static int player_bottom_gradient
    public static int player_top_gradient
    public static int tv_banner
    private void <init>()
com.nate.app.R$id:
    public static int bottomPanel
    public static int player_controls_root
    public static int topPanel
    private void <init>()
com.nate.app.R$layout:
    private void <init>()
com.nate.app.R$mipmap
com.nate.app.R$string
com.nate.app.R$xml
com.nate.app.R
com.nate.app.data.api.ApiResult$Error:
    public final java.lang.String component1()
    public final java.lang.Throwable component2()
    public final com.nate.app.data.api.ApiResult$Error copy(java.lang.String,java.lang.Throwable)
    public static synthetic com.nate.app.data.api.ApiResult$Error copy$default(com.nate.app.data.api.ApiResult$Error,java.lang.String,java.lang.Throwable,int,java.lang.Object)
    public final java.lang.Throwable getCause()
com.nate.app.data.api.ApiResult$Success:
    public static final int $stable
    public final java.lang.Object component1()
    public final com.nate.app.data.api.ApiResult$Success copy(java.lang.Object)
    public static synthetic com.nate.app.data.api.ApiResult$Success copy$default(com.nate.app.data.api.ApiResult$Success,java.lang.Object,int,java.lang.Object)
com.nate.app.data.api.ApiResult:
    public static final int $stable
com.nate.app.data.api.ApiResultKt
com.nate.app.data.api.GenreOption:
    public static final int $stable
    public final int component1()
    public final java.lang.String component2()
    public final com.nate.app.data.api.GenreOption copy(int,java.lang.String)
    public static synthetic com.nate.app.data.api.GenreOption copy$default(com.nate.app.data.api.GenreOption,int,java.lang.String,int,java.lang.Object)
com.nate.app.data.api.TmdbGenres:
    public final java.util.List getMovieGenres()
    public final java.lang.Integer tvGenreId(java.lang.String)
com.nate.app.data.api.TmdbService$DefaultImpls
com.nate.app.data.api.TmdbService:
    public abstract java.lang.Object discoverMoviesByGenre(java.lang.String,int,int,java.lang.String,kotlin.coroutines.Continuation)
    public abstract java.lang.Object discoverTvByGenre(java.lang.String,int,int,java.lang.String,kotlin.coroutines.Continuation)
com.nate.app.data.local.PreferencesManager$Companion:
    public final androidx.datastore.preferences.core.Preferences$Key getPLAYBACK_POSITIONS()
com.nate.app.data.local.PreferencesManager$clearResumePosition$2$1
com.nate.app.data.local.PreferencesManager$clearResumePosition$2
com.nate.app.data.local.PreferencesManager$isBookmarkedFlow$$inlined$map$1$2$1:
    java.lang.Object L$0
com.nate.app.data.local.PreferencesManager$resumePositionMsFlow$$inlined$map$1$2$1
com.nate.app.data.local.PreferencesManager$resumePositionMsFlow$$inlined$map$1$2
com.nate.app.data.local.PreferencesManager$resumePositionMsFlow$$inlined$map$1
com.nate.app.data.local.PreferencesManager$saveResumePosition$2$1
com.nate.app.data.local.PreferencesManager$saveResumePosition$2
com.nate.app.data.local.PreferencesManager$special$$inlined$map$1$2$1:
    java.lang.Object L$0
com.nate.app.data.local.PreferencesManager$special$$inlined$map$2$2$1:
    java.lang.Object L$0
...
androidx.constraintlayout.core.state.helpers.HorizontalChainReference$1
androidx.constraintlayout.core.state.helpers.HorizontalChainReference
androidx.constraintlayout.core.state.helpers.VerticalChainReference$1
androidx.constraintlayout.core.state.helpers.VerticalChainReference
androidx.constraintlayout.core.widgets.Barrier:
    public static final int BOTTOM
    public static final int LEFT
    public static final int RIGHT
    public static final int TOP
    private static final boolean USE_RELAX_GONE
    private static final boolean USE_RESOLUTION
    public void <init>(java.lang.String)
    public boolean allowsGoneWidget()
    public void copy(androidx.constraintlayout.core.widgets.ConstraintWidget,java.util.HashMap)
androidx.constraintlayout.core.widgets.Chain:
    private static final boolean DEBUG
    public static final boolean USE_CHAIN_OPTIMIZATION
    public void <init>()
androidx.constraintlayout.core.widgets.ChainHead:
    public androidx.constraintlayout.core.widgets.ConstraintWidget getFirst()
    public androidx.constraintlayout.core.widgets.ConstraintWidget getFirstMatchConstraintWidget()
    public androidx.constraintlayout.core.widgets.ConstraintWidget getFirstVisibleWidget()
    public androidx.constraintlayout.core.widgets.ConstraintWidget getHead()
    public androidx.constraintlayout.core.widgets.ConstraintWidget getLast()
    public androidx.constraintlayout.core.widgets.ConstraintWidget getLastMatchConstraintWidget()
    public androidx.constraintlayout.core.widgets.ConstraintWidget getLastVisibleWidget()
    public float getTotalWeight()
androidx.constraintlayout.core.widgets.ConstraintAnchor:
    private static final boolean ALLOW_BINARY
    private static final int UNSET_GONE_MARGIN
    public boolean connect(androidx.constraintlayout.core.widgets.ConstraintAnchor,int)
    public void copyFrom(androidx.constraintlayout.core.widgets.ConstraintAnchor,java.util.HashMap)
    public boolean isConnectionAllowed(androidx.constraintlayout.core.widgets.ConstraintWidget)
    public boolean isConnectionAllowed(androidx.constraintlayout.core.widgets.ConstraintWidget,androidx.constraintlayout.core.widgets.ConstraintAnchor)
    private boolean isConnectionToMe(androidx.constraintlayout.core.widgets.ConstraintWidget,java.util.HashSet)
    public boolean isSideAnchor()
    public boolean isSimilarDimensionConnection(androidx.constraintlayout.core.widgets.ConstraintAnchor)
    public boolean isVerticalAnchor()
    public void setGoneMargin(int)
    public void setMargin(int)